#
# A fatal error has been detected by the Java Runtime Environment:
#
#  Internal Error (t:/workspace/open/src/hotspot/share/oops/generateOopMap.cpp:2164), pid=13864, tid=21064
#  fatal error: Illegal class file encountered. Try running with -Xverify:all in method contextLoads
#
# JRE version: Java(TM) SE Runtime Environment (12.0.1+12) (build 12.0.1+12)
# Java VM: Java HotSpot(TM) 64-Bit Server VM (12.0.1+12, mixed mode, sharing, tiered, compressed oops, g1 gc, windows-amd64)
# No core dump will be written. Minidumps are not enabled by default on client versions of Windows
#
# If you would like to submit a bug report, please visit:
#   http://bugreport.java.com/bugreport/crash.jsp
#

---------------  S U M M A R Y ------------

Command Line: -agentlib:jdwp=transport=dt_socket,suspend=y,address=localhost:52679 -ea -javaagent:D:\eclipse\jee-2019-09\eclipse\configuration\org.eclipse.osgi\412\0\.cp\lib\javaagent-shaded.jar -Dfile.encoding=UTF-8 org.eclipse.jdt.internal.junit.runner.RemoteTestRunner -version 3 -port 52678 -testLoaderClass org.eclipse.jdt.internal.junit4.runner.JUnit4TestLoader -loaderpluginname org.eclipse.jdt.junit4.runtime -classNames com.ubaid.scrape.NoonScrapper.NoonScrapperApplicationTests

Host: Intel(R) Core(TM) i7-8565U CPU @ 1.80GHz, 8 cores, 15G,  Windows 10 , 64 bit Build 18362 (10.0.18362.329)
Time: Fri Oct 11 23:08:45 2019 Pakistan Standard Time elapsed time: 591 seconds (0d 0h 9m 51s)

---------------  T H R E A D  ---------------

Current thread (0x00000205b163b800):  VMThread "VM Thread" [stack: 0x0000005c86500000,0x0000005c86600000] [id=21064]

Stack: [0x0000005c86500000,0x0000005c86600000]
[error occurred during error reporting (printing stack bounds), id 0xc0000005, EXCEPTION_ACCESS_VIOLATION (0xc0000005) at pc=0x0000020596160bad]

Native frames: (J=compiled Java code, j=interpreted, Vv=VM code, C=native code)
V  [jvm.dll+0x63948a]
V  [jvm.dll+0x78b31f]
V  [jvm.dll+0x78c9c1]
V  [jvm.dll+0x78cf75]
V  [jvm.dll+0x78cf2b]
V  [jvm.dll+0x638b84]
V  [jvm.dll+0x638f58]
C  [ntdll.dll+0xa120f]
C  [ntdll.dll+0x6a299]
C  [ntdll.dll+0x9fe7e]
C  0x0000020596160bad

VM_Operation (0x0000005c86fff230): GetOrSetLocal, mode: safepoint, requested by thread 0x00000205b2110000


---------------  P R O C E S S  ---------------

Threads class SMR info:
_java_thread_list=0x00000205bb90ded0, length=20, elements={
0x000002058dd6b000, 0x00000205b163d000, 0x00000205b163e000, 0x00000205b1ede800,
0x00000205b1edf800, 0x00000205b1ee0800, 0x00000205b1eed800, 0x00000205b1ef8000,
0x00000205b2020800, 0x00000205b2110000, 0x00000205b2127800, 0x00000205b2129000,
0x00000205b2a0a800, 0x00000205b2af4000, 0x00000205b59bd800, 0x00000205b3ae3000,
0x00000205bc3d0000, 0x00000205b7109000, 0x00000205b84ba800, 0x00000205b8554000
}

Java Threads: ( => current thread )
  0x000002058dd6b000 JavaThread "main" [_thread_blocked, id=16308, stack(0x0000005c85f00000,0x0000005c86000000)]
  0x00000205b163d000 JavaThread "Reference Handler" daemon [_thread_blocked, id=17708, stack(0x0000005c86600000,0x0000005c86700000)]
  0x00000205b163e000 JavaThread "Finalizer" daemon [_thread_blocked, id=10992, stack(0x0000005c86700000,0x0000005c86800000)]
  0x00000205b1ede800 JavaThread "Signal Dispatcher" daemon [_thread_blocked, id=20868, stack(0x0000005c86800000,0x0000005c86900000)]
  0x00000205b1edf800 JavaThread "Attach Listener" daemon [_thread_blocked, id=2120, stack(0x0000005c86900000,0x0000005c86a00000)]
  0x00000205b1ee0800 JavaThread "C2 CompilerThread0" daemon [_thread_blocked, id=7404, stack(0x0000005c86a00000,0x0000005c86b00000)]
  0x00000205b1eed800 JavaThread "C1 CompilerThread0" daemon [_thread_blocked, id=2984, stack(0x0000005c86b00000,0x0000005c86c00000)]
  0x00000205b1ef8000 JavaThread "Sweeper thread" daemon [_thread_blocked, id=19868, stack(0x0000005c86c00000,0x0000005c86d00000)]
  0x00000205b2020800 JavaThread "Common-Cleaner" daemon [_thread_blocked, id=18680, stack(0x0000005c86d00000,0x0000005c86e00000)]
  0x00000205b2110000 JavaThread "JDWP Transport Listener: dt_socket" daemon [_thread_blocked, id=18948, stack(0x0000005c86f00000,0x0000005c87000000)] _threads_hazard_ptr=0x00000205bb90ded0
  0x00000205b2127800 JavaThread "JDWP Event Helper Thread" daemon [_thread_blocked, id=4036, stack(0x0000005c87000000,0x0000005c87100000)]
  0x00000205b2129000 JavaThread "JDWP Command Reader" daemon [_thread_in_native, id=12140, stack(0x0000005c87100000,0x0000005c87200000)]
  0x00000205b2a0a800 JavaThread "Service Thread" daemon [_thread_blocked, id=19636, stack(0x0000005c87300000,0x0000005c87400000)]
  0x00000205b2af4000 JavaThread "ReaderThread" [_thread_in_native, id=2004, stack(0x0000005c87500000,0x0000005c87600000)]
  0x00000205b59bd800 JavaThread "mysql-cj-abandoned-connection-cleanup" daemon [_thread_blocked, id=8220, stack(0x0000005c87b00000,0x0000005c87c00000)]
  0x00000205b3ae3000 JavaThread "HikariPool-1 housekeeper" daemon [_thread_blocked, id=8408, stack(0x0000005c87e00000,0x0000005c87f00000)]
  0x00000205bc3d0000 JavaThread "RMI TCP Accept-0" daemon [_thread_in_native, id=1756, stack(0x0000005c88000000,0x0000005c88100000)]
  0x00000205b7109000 JavaThread "RMI TCP Connection(idle)" daemon [_thread_blocked, id=11468, stack(0x0000005c88100000,0x0000005c88200000)]
  0x00000205b84ba800 JavaThread "RMI Scheduler(0)" daemon [_thread_blocked, id=8548, stack(0x0000005c88200000,0x0000005c88300000)]
  0x00000205b8554000 JavaThread "JMX server connection timeout 26" daemon [_thread_blocked, id=2272, stack(0x0000005c88300000,0x0000005c88400000)]

Other Threads:
=>0x00000205b163b800 VMThread "VM Thread" [stack: 0x0000005c86500000,0x0000005c86600000] [id=21064]
  0x00000205b2996000 WatcherThread [stack: 0x0000005c87400000,0x0000005c87500000] [id=3396]
  0x000002058ddd2000 GCTaskThread "GC Thread#0" [stack: 0x0000005c86000000,0x0000005c86100000] [id=17680]
  0x00000205b2e8d800 GCTaskThread "GC Thread#1" [stack: 0x0000005c87600000,0x0000005c87700000] [id=2464]
  0x00000205b2e8e800 GCTaskThread "GC Thread#2" [stack: 0x0000005c87700000,0x0000005c87800000] [id=13236]
  0x00000205b2c9e800 GCTaskThread "GC Thread#3" [stack: 0x0000005c87800000,0x0000005c87900000] [id=20872]
  0x00000205b2c9f000 GCTaskThread "GC Thread#4" [stack: 0x0000005c87900000,0x0000005c87a00000] [id=5188]
  0x00000205b3505000 GCTaskThread "GC Thread#5" [stack: 0x0000005c87a00000,0x0000005c87b00000] [id=3868]
  0x000002058ddec000 ConcurrentGCThread "G1 Main Marker" [stack: 0x0000005c86100000,0x0000005c86200000] [id=21764]
  0x000002058ddee800 ConcurrentGCThread "G1 Conc#0" [stack: 0x0000005c86200000,0x0000005c86300000] [id=14220]
  0x00000205b833b800 ConcurrentGCThread "G1 Conc#1" [stack: 0x0000005c87c00000,0x0000005c87d00000] [id=6224]
  0x00000205b152b000 ConcurrentGCThread "G1 Refine#0" [stack: 0x0000005c86300000,0x0000005c86400000] [id=18960]
  0x00000205b152c000 ConcurrentGCThread "G1 Young RemSet Sampling" [stack: 0x0000005c86400000,0x0000005c86500000] [id=20168]

Threads with active compile tasks:

VM state:at safepoint (normal execution)

VM Mutex/Monitor currently owned by a thread:  ([mutex/lock_event])
[0x000002058dd68030] Threads_lock - owner thread: 0x00000205b163b800

Heap address: 0x0000000703800000, size: 4040 MB, Compressed Oops mode: Zero based, Oop shift amount: 3
Narrow klass base: 0x0000000800000000, Narrow klass shift: 3
Compressed class space size: 1073741824 Address: 0x00000008011a0000

Heap:
 garbage-first heap   total 78848K, used 41632K [0x0000000703800000, 0x0000000800000000)
  region size 1024K, 24 young (24576K), 3 survivors (3072K)
 Metaspace       used 52170K, capacity 53370K, committed 53632K, reserved 1095680K
  class space    used 6827K, capacity 7279K, committed 7296K, reserved 1048576K
Heap Regions: E=young(eden), S=young(survivor), O=old, HS=humongous(starts), HC=humongous(continues), CS=collection set, F=free, A=archive, TAMS=top-at-mark-start (previous, next)
|   0|0x0000000703800000, 0x0000000703900000, 0x0000000703900000|100%|HS|  |TAMS 0x0000000703900000, 0x0000000703800000| Complete 
|   1|0x0000000703900000, 0x0000000703a00000, 0x0000000703a00000|100%| O|  |TAMS 0x0000000703a00000, 0x0000000703900000| Untracked 
|   2|0x0000000703a00000, 0x0000000703af6e00, 0x0000000703b00000| 96%| O|  |TAMS 0x0000000703af6e00, 0x0000000703a00000| Untracked 
|   3|0x0000000703b00000, 0x0000000703c00000, 0x0000000703c00000|100%| O|  |TAMS 0x0000000703c00000, 0x0000000703b00000| Untracked 
|   4|0x0000000703c00000, 0x0000000703d00000, 0x0000000703d00000|100%| O|  |TAMS 0x0000000703d00000, 0x0000000703c00000| Untracked 
|   5|0x0000000703d00000, 0x0000000703e00000, 0x0000000703e00000|100%| O|  |TAMS 0x0000000703e00000, 0x0000000703d00000| Untracked 
|   6|0x0000000703e00000, 0x0000000703f00000, 0x0000000703f00000|100%| O|  |TAMS 0x0000000703f00000, 0x0000000703e00000| Untracked 
|   7|0x0000000703f00000, 0x0000000704000000, 0x0000000704000000|100%| O|  |TAMS 0x0000000704000000, 0x0000000703f00000| Untracked 
|   8|0x0000000704000000, 0x0000000704100000, 0x0000000704100000|100%| O|  |TAMS 0x0000000704100000, 0x0000000704000000| Untracked 
|   9|0x0000000704100000, 0x0000000704200000, 0x0000000704200000|100%| O|  |TAMS 0x0000000704200000, 0x0000000704100000| Untracked 
|  10|0x0000000704200000, 0x0000000704300000, 0x0000000704300000|100%| O|  |TAMS 0x0000000704300000, 0x0000000704200000| Untracked 
|  11|0x0000000704300000, 0x0000000704400000, 0x0000000704400000|100%| O|  |TAMS 0x0000000704400000, 0x0000000704300000| Untracked 
|  12|0x0000000704400000, 0x0000000704500000, 0x0000000704500000|100%| O|  |TAMS 0x0000000704500000, 0x0000000704400000| Untracked 
|  13|0x0000000704500000, 0x0000000704600000, 0x0000000704600000|100%| O|  |TAMS 0x0000000704600000, 0x0000000704500000| Untracked 
|  14|0x0000000704600000, 0x0000000704700000, 0x0000000704700000|100%| O|  |TAMS 0x0000000704700000, 0x0000000704600000| Untracked 
|  15|0x0000000704700000, 0x0000000704786c00, 0x0000000704800000| 52%| O|  |TAMS 0x0000000704786c00, 0x0000000704700000| Untracked 
|  16|0x0000000704800000, 0x0000000704900000, 0x0000000704900000|100%| O|  |TAMS 0x0000000704800000, 0x0000000704800000| Untracked 
|  17|0x0000000704900000, 0x0000000704a00000, 0x0000000704a00000|100%| O|  |TAMS 0x0000000704900000, 0x0000000704900000| Untracked 
|  18|0x0000000704a00000, 0x0000000704acca00, 0x0000000704b00000| 79%| O|  |TAMS 0x0000000704a00000, 0x0000000704a00000| Untracked 
|  19|0x0000000704b00000, 0x0000000704b00000, 0x0000000704c00000|  0%| F|  |TAMS 0x0000000704b00000, 0x0000000704b00000| Untracked 
|  20|0x0000000704c00000, 0x0000000704c00000, 0x0000000704d00000|  0%| F|  |TAMS 0x0000000704c00000, 0x0000000704c00000| Untracked 
|  21|0x0000000704d00000, 0x0000000704d00000, 0x0000000704e00000|  0%| F|  |TAMS 0x0000000704d00000, 0x0000000704d00000| Untracked 
|  22|0x0000000704e00000, 0x0000000704e00000, 0x0000000704f00000|  0%| F|  |TAMS 0x0000000704e00000, 0x0000000704e00000| Untracked 
|  23|0x0000000704f00000, 0x0000000704f00000, 0x0000000705000000|  0%| F|  |TAMS 0x0000000704f00000, 0x0000000704f00000| Untracked 
|  24|0x0000000705000000, 0x0000000705000000, 0x0000000705100000|  0%| F|  |TAMS 0x0000000705000000, 0x0000000705000000| Untracked 
|  25|0x0000000705100000, 0x0000000705100000, 0x0000000705200000|  0%| F|  |TAMS 0x0000000705100000, 0x0000000705100000| Untracked 
|  26|0x0000000705200000, 0x0000000705200000, 0x0000000705300000|  0%| F|  |TAMS 0x0000000705200000, 0x0000000705200000| Untracked 
|  27|0x0000000705300000, 0x0000000705300000, 0x0000000705400000|  0%| F|  |TAMS 0x0000000705300000, 0x0000000705300000| Untracked 
|  28|0x0000000705400000, 0x0000000705400000, 0x0000000705500000|  0%| F|  |TAMS 0x0000000705400000, 0x0000000705400000| Untracked 
|  29|0x0000000705500000, 0x0000000705500000, 0x0000000705600000|  0%| F|  |TAMS 0x0000000705500000, 0x0000000705500000| Untracked 
|  30|0x0000000705600000, 0x0000000705600000, 0x0000000705700000|  0%| F|  |TAMS 0x0000000705600000, 0x0000000705600000| Untracked 
|  31|0x0000000705700000, 0x0000000705700000, 0x0000000705800000|  0%| F|  |TAMS 0x0000000705700000, 0x0000000705700000| Untracked 
|  32|0x0000000705800000, 0x0000000705800000, 0x0000000705900000|  0%| F|  |TAMS 0x0000000705800000, 0x0000000705800000| Untracked 
|  33|0x0000000705900000, 0x0000000705900000, 0x0000000705a00000|  0%| F|  |TAMS 0x0000000705900000, 0x0000000705900000| Untracked 
|  34|0x0000000705a00000, 0x0000000705a00000, 0x0000000705b00000|  0%| F|  |TAMS 0x0000000705a00000, 0x0000000705a00000| Untracked 
|  35|0x0000000705b00000, 0x0000000705b00000, 0x0000000705c00000|  0%| F|  |TAMS 0x0000000705b00000, 0x0000000705b00000| Untracked 
|  36|0x0000000705c00000, 0x0000000705c00000, 0x0000000705d00000|  0%| F|  |TAMS 0x0000000705c00000, 0x0000000705c00000| Untracked 
|  37|0x0000000705d00000, 0x0000000705d00000, 0x0000000705e00000|  0%| F|  |TAMS 0x0000000705d00000, 0x0000000705d00000| Untracked 
|  38|0x0000000705e00000, 0x0000000705e00000, 0x0000000705f00000|  0%| F|  |TAMS 0x0000000705e00000, 0x0000000705e00000| Untracked 
|  39|0x0000000705f00000, 0x0000000705f5dec0, 0x0000000706000000| 36%| S|CS|TAMS 0x0000000705f00000, 0x0000000705f00000| Complete 
|  40|0x0000000706000000, 0x0000000706100000, 0x0000000706100000|100%| S|CS|TAMS 0x0000000706000000, 0x0000000706000000| Complete 
|  41|0x0000000706100000, 0x0000000706100000, 0x0000000706200000|  0%| F|  |TAMS 0x0000000706100000, 0x0000000706100000| Untracked 
|  42|0x0000000706200000, 0x0000000706200000, 0x0000000706300000|  0%| F|  |TAMS 0x0000000706200000, 0x0000000706200000| Untracked 
|  43|0x0000000706300000, 0x0000000706300000, 0x0000000706400000|  0%| F|  |TAMS 0x0000000706300000, 0x0000000706300000| Untracked 
|  44|0x0000000706400000, 0x0000000706500000, 0x0000000706500000|100%| S|CS|TAMS 0x0000000706400000, 0x0000000706400000| Complete 
|  45|0x0000000706500000, 0x0000000706500000, 0x0000000706600000|  0%| F|  |TAMS 0x0000000706500000, 0x0000000706500000| Untracked 
|  46|0x0000000706600000, 0x0000000706600000, 0x0000000706700000|  0%| F|  |TAMS 0x0000000706600000, 0x0000000706600000| Untracked 
|  47|0x0000000706700000, 0x0000000706700000, 0x0000000706800000|  0%| F|  |TAMS 0x0000000706700000, 0x0000000706700000| Untracked 
|  48|0x0000000706800000, 0x0000000706800000, 0x0000000706900000|  0%| F|  |TAMS 0x0000000706800000, 0x0000000706800000| Untracked 
|  49|0x0000000706900000, 0x0000000706900000, 0x0000000706a00000|  0%| F|  |TAMS 0x0000000706900000, 0x0000000706900000| Untracked 
|  50|0x0000000706a00000, 0x0000000706a00000, 0x0000000706b00000|  0%| F|  |TAMS 0x0000000706a00000, 0x0000000706a00000| Untracked 
|  51|0x0000000706b00000, 0x0000000706b00000, 0x0000000706c00000|  0%| F|  |TAMS 0x0000000706b00000, 0x0000000706b00000| Untracked 
|  52|0x0000000706c00000, 0x0000000706c00000, 0x0000000706d00000|  0%| F|  |TAMS 0x0000000706c00000, 0x0000000706c00000| Untracked 
|  53|0x0000000706d00000, 0x0000000706d00000, 0x0000000706e00000|  0%| F|  |TAMS 0x0000000706d00000, 0x0000000706d00000| Untracked 
|  54|0x0000000706e00000, 0x0000000706e00000, 0x0000000706f00000|  0%| F|  |TAMS 0x0000000706e00000, 0x0000000706e00000| Untracked 
|  55|0x0000000706f00000, 0x0000000706f00000, 0x0000000707000000|  0%| F|  |TAMS 0x0000000706f00000, 0x0000000706f00000| Untracked 
|  56|0x0000000707000000, 0x00000007070f1fd0, 0x0000000707100000| 94%| E|  |TAMS 0x0000000707000000, 0x0000000707000000| Complete 
|  57|0x0000000707100000, 0x0000000707200000, 0x0000000707200000|100%| E|CS|TAMS 0x0000000707100000, 0x0000000707100000| Complete 
|  58|0x0000000707200000, 0x0000000707300000, 0x0000000707300000|100%| E|CS|TAMS 0x0000000707200000, 0x0000000707200000| Complete 
|  59|0x0000000707300000, 0x0000000707400000, 0x0000000707400000|100%| E|CS|TAMS 0x0000000707300000, 0x0000000707300000| Complete 
|  60|0x0000000707400000, 0x0000000707500000, 0x0000000707500000|100%| E|CS|TAMS 0x0000000707400000, 0x0000000707400000| Complete 
|  61|0x0000000707500000, 0x0000000707600000, 0x0000000707600000|100%| E|CS|TAMS 0x0000000707500000, 0x0000000707500000| Complete 
|  62|0x0000000707600000, 0x0000000707700000, 0x0000000707700000|100%| E|CS|TAMS 0x0000000707600000, 0x0000000707600000| Complete 
|  63|0x0000000707700000, 0x0000000707800000, 0x0000000707800000|100%| E|CS|TAMS 0x0000000707700000, 0x0000000707700000| Complete 
|  64|0x0000000707800000, 0x0000000707900000, 0x0000000707900000|100%| E|CS|TAMS 0x0000000707800000, 0x0000000707800000| Complete 
|  65|0x0000000707900000, 0x0000000707a00000, 0x0000000707a00000|100%| E|CS|TAMS 0x0000000707900000, 0x0000000707900000| Complete 
|  66|0x0000000707a00000, 0x0000000707b00000, 0x0000000707b00000|100%| E|CS|TAMS 0x0000000707a00000, 0x0000000707a00000| Complete 
|  67|0x0000000707b00000, 0x0000000707c00000, 0x0000000707c00000|100%| E|CS|TAMS 0x0000000707b00000, 0x0000000707b00000| Complete 
|  68|0x0000000707c00000, 0x0000000707d00000, 0x0000000707d00000|100%| E|CS|TAMS 0x0000000707c00000, 0x0000000707c00000| Complete 
|  69|0x0000000707d00000, 0x0000000707e00000, 0x0000000707e00000|100%| E|CS|TAMS 0x0000000707d00000, 0x0000000707d00000| Complete 
|  70|0x0000000707e00000, 0x0000000707f00000, 0x0000000707f00000|100%| E|CS|TAMS 0x0000000707e00000, 0x0000000707e00000| Complete 
|  71|0x0000000707f00000, 0x0000000708000000, 0x0000000708000000|100%| E|CS|TAMS 0x0000000707f00000, 0x0000000707f00000| Complete 
|  72|0x0000000708000000, 0x0000000708100000, 0x0000000708100000|100%| E|CS|TAMS 0x0000000708000000, 0x0000000708000000| Complete 
|  73|0x0000000708100000, 0x0000000708200000, 0x0000000708200000|100%| E|CS|TAMS 0x0000000708100000, 0x0000000708100000| Complete 
| 157|0x000000070d500000, 0x000000070d600000, 0x000000070d600000|100%| E|CS|TAMS 0x000000070d500000, 0x000000070d500000| Complete 
| 160|0x000000070d800000, 0x000000070d900000, 0x000000070d900000|100%| E|CS|TAMS 0x000000070d800000, 0x000000070d800000| Complete 
| 253|0x0000000713500000, 0x0000000713600000, 0x0000000713600000|100%| E|CS|TAMS 0x0000000713500000, 0x0000000713500000| Complete 

Card table byte_map: [0x00000205a5c90000,0x00000205a6480000] _byte_map_base: 0x00000205a2474000

Marking Bits (Prev, Next): (CMBitMap*) 0x000002058ddd2fa8, (CMBitMap*) 0x000002058ddd2fe8
 Prev Bits: [0x00000205a6c70000, 0x00000205aab90000)
 Next Bits: [0x00000205aab90000, 0x00000205aeab0000)

Polling page: 0x000002058bc70000

Metaspace:

Usage:
  Non-class:     45.01 MB capacity,    44.28 MB ( 98%) used,   604.87 KB (  1%) free+waste,   143.19 KB ( <1%) overhead. 
      Class:      7.11 MB capacity,     6.67 MB ( 94%) used,   385.96 KB (  5%) free+waste,    65.94 KB ( <1%) overhead. 
       Both:     52.12 MB capacity,    50.95 MB ( 98%) used,   990.83 KB (  2%) free+waste,   209.13 KB ( <1%) overhead. 

Virtual space:
  Non-class space:       46.00 MB reserved,      45.25 MB ( 98%) committed 
      Class space:        1.00 GB reserved,       7.13 MB ( <1%) committed 
             Both:        1.04 GB reserved,      52.38 MB (  5%) committed 

Chunk freelists:
   Non-Class:  6.63 KB
       Class:  2.13 KB
        Both:  8.75 KB

CodeHeap 'non-profiled nmethods': size=120000Kb used=3339Kb max_used=3631Kb free=116660Kb
 bounds [0x000002059dc30000, 0x000002059dfe0000, 0x00000205a5160000]
CodeHeap 'profiled nmethods': size=120000Kb used=10263Kb max_used=11022Kb free=109737Kb
 bounds [0x0000020596700000, 0x00000205971e0000, 0x000002059dc30000]
CodeHeap 'non-nmethods': size=5760Kb used=1350Kb max_used=1401Kb free=4409Kb
 bounds [0x0000020596160000, 0x00000205963d0000, 0x0000020596700000]
 total_blobs=7115 nmethods=4266 adapters=547
 compilation: enabled
              stopped_count=0, restarted_count=0
 full_count=0

Compilation events (10 events):
Event: 426.405 Thread 0x00000205b1eed800 5174       3       java.io.Bits::getShort (18 bytes)
Event: 426.406 Thread 0x00000205b1eed800 nmethod 5174 0x0000020596764e90 code [0x0000020596765040, 0x00000205967651d8]
Event: 441.408 Thread 0x00000205b1eed800 5175       3       java.lang.Thread::isInterrupted (6 bytes)
Event: 441.408 Thread 0x00000205b1eed800 nmethod 5175 0x0000020596764a10 code [0x0000020596764be0, 0x0000020596764db0]
Event: 441.409 Thread 0x00000205b1eed800 5176       3       java.util.concurrent.SynchronousQueue$TransferStack::shouldSpin (30 bytes)
Event: 441.409 Thread 0x00000205b1eed800 nmethod 5176 0x0000020596769010 code [0x00000205967691e0, 0x00000205967694f8]
Event: 458.134 Thread 0x00000205b1eed800 5177       1       jdk.internal.loader.URLClassPath$FileLoader$1::getURL (5 bytes)
Event: 458.134 Thread 0x00000205b1eed800 nmethod 5177 0x000002059dc56c90 code [0x000002059dc56e40, 0x000002059dc56f78]
Event: 528.141 Thread 0x00000205b1ee0800 5178       4       java.io.File::isInvalid (47 bytes)
Event: 528.145 Thread 0x00000205b1ee0800 nmethod 5178 0x000002059dc56510 code [0x000002059dc566c0, 0x000002059dc56a58]

GC Heap History (10 events):
Event: 6.830 GC heap before
{Heap before GC invocations=16 (full 0):
 garbage-first heap   total 65536K, used 41138K [0x0000000703800000, 0x0000000800000000)
  region size 1024K, 25 young (25600K), 2 survivors (2048K)
 Metaspace       used 40012K, capacity 40975K, committed 41088K, reserved 1085440K
  class space    used 5325K, capacity 5677K, committed 5760K, reserved 1048576K
}
Event: 6.836 GC heap after
{Heap after GC invocations=17 (full 0):
 garbage-first heap   total 65536K, used 19242K [0x0000000703800000, 0x0000000800000000)
  region size 1024K, 4 young (4096K), 4 survivors (4096K)
 Metaspace       used 40012K, capacity 40975K, committed 41088K, reserved 1085440K
  class space    used 5325K, capacity 5677K, committed 5760K, reserved 1048576K
}
Event: 7.223 GC heap before
{Heap before GC invocations=17 (full 0):
 garbage-first heap   total 65536K, used 42794K [0x0000000703800000, 0x0000000800000000)
  region size 1024K, 27 young (27648K), 4 survivors (4096K)
 Metaspace       used 42057K, capacity 43135K, committed 43392K, reserved 1087488K
  class space    used 5600K, capacity 5995K, committed 6016K, reserved 1048576K
}
Event: 7.230 GC heap after
{Heap after GC invocations=18 (full 0):
 garbage-first heap   total 78848K, used 19935K [0x0000000703800000, 0x0000000800000000)
  region size 1024K, 3 young (3072K), 3 survivors (3072K)
 Metaspace       used 42057K, capacity 43135K, committed 43392K, reserved 1087488K
  class space    used 5600K, capacity 5995K, committed 6016K, reserved 1048576K
}
Event: 7.660 GC heap before
{Heap before GC invocations=18 (full 0):
 garbage-first heap   total 78848K, used 49631K [0x0000000703800000, 0x0000000800000000)
  region size 1024K, 32 young (32768K), 3 survivors (3072K)
 Metaspace       used 43545K, capacity 44695K, committed 44928K, reserved 1087488K
  class space    used 5824K, capacity 6255K, committed 6272K, reserved 1048576K
}
Event: 7.666 GC heap after
{Heap after GC invocations=19 (full 0):
 garbage-first heap   total 78848K, used 20646K [0x0000000703800000, 0x0000000800000000)
  region size 1024K, 2 young (2048K), 2 survivors (2048K)
 Metaspace       used 43545K, capacity 44695K, committed 44928K, reserved 1087488K
  class space    used 5824K, capacity 6255K, committed 6272K, reserved 1048576K
}
Event: 7.995 GC heap before
{Heap before GC invocations=19 (full 0):
 garbage-first heap   total 78848K, used 52390K [0x0000000703800000, 0x0000000800000000)
  region size 1024K, 33 young (33792K), 2 survivors (2048K)
 Metaspace       used 45655K, capacity 46799K, committed 46976K, reserved 1089536K
  class space    used 6055K, capacity 6483K, committed 6528K, reserved 1048576K
}
Event: 7.999 GC heap after
{Heap after GC invocations=20 (full 0):
 garbage-first heap   total 78848K, used 20965K [0x0000000703800000, 0x0000000800000000)
  region size 1024K, 3 young (3072K), 3 survivors (3072K)
 Metaspace       used 45655K, capacity 46799K, committed 46976K, reserved 1089536K
  class space    used 6055K, capacity 6483K, committed 6528K, reserved 1048576K
}
Event: 13.834 GC heap before
{Heap before GC invocations=20 (full 0):
 garbage-first heap   total 78848K, used 53733K [0x0000000703800000, 0x0000000800000000)
  region size 1024K, 35 young (35840K), 3 survivors (3072K)
 Metaspace       used 47949K, capacity 49071K, committed 49280K, reserved 1091584K
  class space    used 6346K, capacity 6771K, committed 6784K, reserved 1048576K
}
Event: 13.838 GC heap after
{Heap after GC invocations=21 (full 0):
 garbage-first heap   total 78848K, used 21152K [0x0000000703800000, 0x0000000800000000)
  region size 1024K, 3 young (3072K), 3 survivors (3072K)
 Metaspace       used 47949K, capacity 49071K, committed 49280K, reserved 1091584K
  class space    used 6346K, capacity 6771K, committed 6784K, reserved 1048576K
}

Deoptimization events (10 events):
Event: 15.377 Thread 0x00000205b7109000 Uncommon trap: reason=profile_predicate action=maybe_recompile pc=0x000002059dd6fca4 method=java.util.TreeMap.put(Ljava/lang/Object;Ljava/lang/Object;)Ljava/lang/Object; @ 55 c2
Event: 15.377 Thread 0x00000205b7109000 Uncommon trap: reason=profile_predicate action=maybe_recompile pc=0x000002059dd6fca4 method=java.util.TreeMap.put(Ljava/lang/Object;Ljava/lang/Object;)Ljava/lang/Object; @ 55 c2
Event: 15.377 Thread 0x00000205b7109000 Uncommon trap: reason=profile_predicate action=maybe_recompile pc=0x000002059dd6fca4 method=java.util.TreeMap.put(Ljava/lang/Object;Ljava/lang/Object;)Ljava/lang/Object; @ 55 c2
Event: 15.381 Thread 0x00000205b7109000 Uncommon trap: reason=array_check action=maybe_recompile pc=0x000002059de3f810 method=java.util.AbstractCollection.toArray([Ljava/lang/Object;)[Ljava/lang/Object; @ 116 c2
Event: 15.381 Thread 0x00000205b7109000 Uncommon trap: reason=array_check action=maybe_recompile pc=0x000002059de3f810 method=java.util.AbstractCollection.toArray([Ljava/lang/Object;)[Ljava/lang/Object; @ 116 c2
Event: 15.381 Thread 0x00000205b7109000 Uncommon trap: reason=array_check action=maybe_recompile pc=0x000002059de3f810 method=java.util.AbstractCollection.toArray([Ljava/lang/Object;)[Ljava/lang/Object; @ 116 c2
Event: 15.381 Thread 0x00000205b7109000 Uncommon trap: reason=array_check action=maybe_recompile pc=0x000002059de3f810 method=java.util.AbstractCollection.toArray([Ljava/lang/Object;)[Ljava/lang/Object; @ 116 c2
Event: 16.142 Thread 0x000002058dd6b000 Uncommon trap: reason=unstable_if action=reinterpret pc=0x000002059dd9c180 method=java.nio.Buffer.<init>(IIII)V @ 44 c2
Event: 16.568 Thread 0x000002058dd6b000 Uncommon trap: reason=bimorphic_or_optimized_type_check action=maybe_recompile pc=0x000002059de379e0 method=java.util.regex.Pattern$SliceI.match(Ljava/util/regex/Matcher;ILjava/lang/CharSequence;)Z @ 92 c2
Event: 536.740 Thread 0x00000205b2110000 Uncommon trap: reason=unstable_if action=reinterpret pc=0x000002059df72578 method=sun.instrument.InstrumentationImpl.transform(Ljava/lang/Module;Ljava/lang/ClassLoader;Ljava/lang/String;Ljava/lang/Class;Ljava/security/ProtectionDomain;[BZ)[B @ 24 c2

Classes redefined (2 events):
Event: 536.762 Thread 0x00000205b163b800 redefined class name=com.ubaid.scrape.NoonScrapper.NoonScrapperApplicationTests, count=1
Event: 591.476 Thread 0x00000205b163b800 redefined class name=com.ubaid.scrape.NoonScrapper.NoonScrapperApplicationTests, count=2

Internal exceptions (10 events):
Event: 20.402 Thread 0x00000205b7109000 Exception <a 'java/lang/ClassNotFoundException'{0x0000000707193370}: org/springframework/context/support/LiveBeansView> (0x0000000707193370) thrown at [t:/workspace/open/src/hotspot/share/classfile/systemDictionary.cpp, line 235]
Event: 20.402 Thread 0x00000205b7109000 Exception <a 'java/lang/ClassNotFoundException'{0x0000000707193740}: org/springframework/boot/actuate/endpoint/jmx/EndpointMBean> (0x0000000707193740) thrown at [t:/workspace/open/src/hotspot/share/classfile/systemDictionary.cpp, line 235]
Event: 20.402 Thread 0x00000205b7109000 Exception <a 'java/lang/ClassNotFoundException'{0x0000000707193b10}: org/springframework/boot/actuate/endpoint/jmx/DataEndpointMBean> (0x0000000707193b10) thrown at [t:/workspace/open/src/hotspot/share/classfile/systemDictionary.cpp, line 235]
Event: 20.402 Thread 0x00000205b7109000 Exception <a 'java/lang/ClassNotFoundException'{0x0000000707193ed8}: org/springframework/context/support/LiveBeansView> (0x0000000707193ed8) thrown at [t:/workspace/open/src/hotspot/share/classfile/systemDictionary.cpp, line 235]
Event: 20.402 Thread 0x00000205b7109000 Exception <a 'java/lang/ClassNotFoundException'{0x0000000707194290}: org/springframework/boot/actuate/endpoint/jmx/EndpointMBean> (0x0000000707194290) thrown at [t:/workspace/open/src/hotspot/share/classfile/systemDictionary.cpp, line 235]
Event: 20.402 Thread 0x00000205b7109000 Exception <a 'java/lang/ClassNotFoundException'{0x0000000707194648}: org/springframework/boot/actuate/endpoint/jmx/DataEndpointMBean> (0x0000000707194648) thrown at [t:/workspace/open/src/hotspot/share/classfile/systemDictionary.cpp, line 235]
Event: 20.402 Thread 0x00000205b7109000 Exception <a 'java/lang/ClassNotFoundException'{0x00000007071949f8}: org/springframework/context/support/LiveBeansView> (0x00000007071949f8) thrown at [t:/workspace/open/src/hotspot/share/classfile/systemDictionary.cpp, line 235]
Event: 20.402 Thread 0x00000205b7109000 Exception <a 'java/lang/ClassNotFoundException'{0x0000000707194db0}: org/springframework/boot/actuate/endpoint/jmx/EndpointMBean> (0x0000000707194db0) thrown at [t:/workspace/open/src/hotspot/share/classfile/systemDictionary.cpp, line 235]
Event: 20.402 Thread 0x00000205b7109000 Exception <a 'java/lang/ClassNotFoundException'{0x0000000707195168}: org/springframework/boot/actuate/endpoint/jmx/DataEndpointMBean> (0x0000000707195168) thrown at [t:/workspace/open/src/hotspot/share/classfile/systemDictionary.cpp, line 235]
Event: 20.402 Thread 0x00000205b7109000 Exception <a 'java/lang/ClassNotFoundException'{0x0000000707195518}: org/springframework/context/support/LiveBeansView> (0x0000000707195518) thrown at [t:/workspace/open/src/hotspot/share/classfile/systemDictionary.cpp, line 235]

Events (10 events):
Event: 591.509 Executing VM operation: GetStackTrace done
Event: 591.581 Executing VM operation: GetFrameCount
Event: 591.581 Executing VM operation: GetFrameCount done
Event: 591.581 Executing VM operation: GetOwnedMonitorInfo
Event: 591.581 Executing VM operation: GetOwnedMonitorInfo done
Event: 591.582 Executing VM operation: GetCurrentContendedMonitor
Event: 591.582 Executing VM operation: GetCurrentContendedMonitor done
Event: 591.586 Executing VM operation: GetFrameLocation
Event: 591.586 Executing VM operation: GetFrameLocation done
Event: 591.586 Executing VM operation: GetOrSetLocal


Dynamic libraries:
0x00007ff79ef90000 - 0x00007ff79ef9f000 	C:\Program Files\Java\jdk-12.0.1\bin\javaw.exe
0x00007ffa4ca60000 - 0x00007ffa4cc50000 	C:\WINDOWS\SYSTEM32\ntdll.dll
0x00007ffa4be60000 - 0x00007ffa4bf12000 	C:\WINDOWS\System32\KERNEL32.DLL
0x00007ffa4a5b0000 - 0x00007ffa4a853000 	C:\WINDOWS\System32\KERNELBASE.dll
0x00007ffa49ce0000 - 0x00007ffa49dda000 	C:\WINDOWS\System32\ucrtbase.dll
0x00007ffa3f8c0000 - 0x00007ffa3f8d6000 	C:\Program Files\Java\jdk-12.0.1\bin\VCRUNTIME140.dll
0x00007ffa3f8a0000 - 0x00007ffa3f8b8000 	C:\Program Files\Java\jdk-12.0.1\bin\jli.dll
0x00007ffa4bce0000 - 0x00007ffa4bd83000 	C:\WINDOWS\System32\ADVAPI32.dll
0x00007ffa4ac60000 - 0x00007ffa4acfe000 	C:\WINDOWS\System32\msvcrt.dll
0x00007ffa4abc0000 - 0x00007ffa4ac57000 	C:\WINDOWS\System32\sechost.dll
0x00007ffa4c900000 - 0x00007ffa4ca20000 	C:\WINDOWS\System32\RPCRT4.dll
0x00007ffa4c6f0000 - 0x00007ffa4c883000 	C:\WINDOWS\System32\USER32.dll
0x00007ffa36930000 - 0x00007ffa36bb5000 	C:\WINDOWS\WinSxS\amd64_microsoft.windows.common-controls_6595b64144ccf1df_6.0.18362.356_none_e6c4af7d130f27cc\COMCTL32.dll
0x00007ffa4a930000 - 0x00007ffa4a951000 	C:\WINDOWS\System32\win32u.dll
0x00007ffa4b780000 - 0x00007ffa4bab6000 	C:\WINDOWS\System32\combase.dll
0x00007ffa4bc30000 - 0x00007ffa4bc56000 	C:\WINDOWS\System32\GDI32.dll
0x00007ffa4aa90000 - 0x00007ffa4ab10000 	C:\WINDOWS\System32\bcryptPrimitives.dll
0x00007ffa499f0000 - 0x00007ffa49b84000 	C:\WINDOWS\System32\gdi32full.dll
0x00007ffa4a890000 - 0x00007ffa4a92e000 	C:\WINDOWS\System32\msvcp_win.dll
0x00007ffa3e5d0000 - 0x00007ffa3e5da000 	C:\WINDOWS\SYSTEM32\VERSION.dll
0x00007ffa4ab10000 - 0x00007ffa4ab3e000 	C:\WINDOWS\System32\IMM32.DLL
0x00007ffa0b890000 - 0x00007ffa0b93a000 	C:\Program Files\Java\jdk-12.0.1\bin\msvcp140.dll
0x00007ff9c1060000 - 0x00007ff9c1bd4000 	C:\Program Files\Java\jdk-12.0.1\bin\server\jvm.dll
0x00007ffa4b770000 - 0x00007ffa4b778000 	C:\WINDOWS\System32\PSAPI.DLL
0x00007ffa482b0000 - 0x00007ffa482d4000 	C:\WINDOWS\SYSTEM32\WINMM.dll
0x00007ffa269c0000 - 0x00007ffa269c9000 	C:\WINDOWS\SYSTEM32\WSOCK32.dll
0x00007ffa4c390000 - 0x00007ffa4c3ff000 	C:\WINDOWS\System32\WS2_32.dll
0x00007ffa48280000 - 0x00007ffa482ad000 	C:\WINDOWS\SYSTEM32\WINMMBASE.dll
0x00007ffa4a560000 - 0x00007ffa4a5aa000 	C:\WINDOWS\System32\cfgmgr32.dll
0x00007ffa49940000 - 0x00007ffa49951000 	C:\WINDOWS\System32\kernel.appcore.dll
0x00007ffa40780000 - 0x00007ffa40791000 	C:\Program Files\Java\jdk-12.0.1\bin\verify.dll
0x00007ffa48080000 - 0x00007ffa48274000 	C:\WINDOWS\SYSTEM32\DBGHELP.DLL
0x00007ffa2e0a0000 - 0x00007ffa2e0ca000 	C:\WINDOWS\SYSTEM32\dbgcore.DLL
0x00007ffa38370000 - 0x00007ffa38396000 	C:\Program Files\Java\jdk-12.0.1\bin\java.dll
0x00007ffa40a30000 - 0x00007ffa40a68000 	C:\Program Files\Java\jdk-12.0.1\bin\jdwp.dll
0x00007ffa43f50000 - 0x00007ffa43f5e000 	C:\Program Files\Java\jdk-12.0.1\bin\instrument.dll
0x00007ffa38290000 - 0x00007ffa382a7000 	C:\Program Files\Java\jdk-12.0.1\bin\zip.dll
0x00007ffa426d0000 - 0x00007ffa426da000 	C:\Program Files\Java\jdk-12.0.1\bin\jimage.dll
0x00007ffa4ad10000 - 0x00007ffa4b3f5000 	C:\WINDOWS\System32\SHELL32.dll
0x00007ffa4b660000 - 0x00007ffa4b709000 	C:\WINDOWS\System32\shcore.dll
0x00007ffa49de0000 - 0x00007ffa4a55e000 	C:\WINDOWS\System32\windows.storage.dll
0x00007ffa49960000 - 0x00007ffa4997f000 	C:\WINDOWS\System32\profapi.dll
0x00007ffa49980000 - 0x00007ffa499ca000 	C:\WINDOWS\System32\powrprof.dll
0x00007ffa49930000 - 0x00007ffa49940000 	C:\WINDOWS\System32\UMPDC.dll
0x00007ffa4b4d0000 - 0x00007ffa4b522000 	C:\WINDOWS\System32\shlwapi.dll
0x00007ffa4a960000 - 0x00007ffa4a977000 	C:\WINDOWS\System32\cryptsp.dll
0x00007ffa43f40000 - 0x00007ffa43f4a000 	C:\Program Files\Java\jdk-12.0.1\bin\dt_socket.dll
0x00007ffa49150000 - 0x00007ffa491b7000 	C:\WINDOWS\System32\mswsock.dll
0x00007ffa48eb0000 - 0x00007ffa48f7a000 	C:\WINDOWS\SYSTEM32\DNSAPI.dll
0x00007ffa4bac0000 - 0x00007ffa4bac8000 	C:\WINDOWS\System32\NSI.dll
0x00007ffa48e70000 - 0x00007ffa48eaa000 	C:\WINDOWS\SYSTEM32\IPHLPAPI.DLL
0x00007ffa3a700000 - 0x00007ffa3a777000 	C:\WINDOWS\System32\fwpuclnt.dll
0x00007ffa4a860000 - 0x00007ffa4a886000 	C:\WINDOWS\System32\bcrypt.dll
0x00007ffa39010000 - 0x00007ffa3901a000 	C:\Windows\System32\rasadhlp.dll
0x00007ffa38230000 - 0x00007ffa38249000 	C:\Program Files\Java\jdk-12.0.1\bin\net.dll
0x00007ffa47e60000 - 0x00007ffa47f50000 	C:\WINDOWS\SYSTEM32\WINHTTP.dll
0x00007ffa2a6e0000 - 0x00007ffa2a8b6000 	C:\WINDOWS\SYSTEM32\urlmon.dll
0x00007ffa39160000 - 0x00007ffa39406000 	C:\WINDOWS\SYSTEM32\iertutil.dll
0x00007ffa492d0000 - 0x00007ffa492dc000 	C:\WINDOWS\SYSTEM32\CRYPTBASE.DLL
0x00007ffa366e0000 - 0x00007ffa366f3000 	C:\Program Files\Java\jdk-12.0.1\bin\nio.dll
0x00007ffa42300000 - 0x00007ffa42309000 	C:\Program Files\Java\jdk-12.0.1\bin\management.dll
0x00007ffa40770000 - 0x00007ffa4077c000 	C:\Program Files\Java\jdk-12.0.1\bin\management_ext.dll
0x00007ffa1bb60000 - 0x00007ffa1bb76000 	C:\WINDOWS\system32\napinsp.dll
0x00007ffa1bb40000 - 0x00007ffa1bb5a000 	C:\WINDOWS\system32\pnrpnsp.dll
0x00007ffa1bb30000 - 0x00007ffa1bb3e000 	C:\WINDOWS\System32\winrnr.dll
0x00007ffa425b0000 - 0x00007ffa425cc000 	C:\WINDOWS\system32\NLAapi.dll
0x00007ffa1bb10000 - 0x00007ffa1bb25000 	C:\WINDOWS\system32\wshbth.dll
0x00007ffa48cd0000 - 0x00007ffa48d03000 	C:\WINDOWS\system32\rsaenh.dll
0x00007ffa49850000 - 0x00007ffa49875000 	C:\WINDOWS\SYSTEM32\USERENV.dll
0x00007ffa3e730000 - 0x00007ffa3e746000 	C:\WINDOWS\SYSTEM32\dhcpcsvc6.DLL
0x00007ffa3e710000 - 0x00007ffa3e72c000 	C:\WINDOWS\SYSTEM32\dhcpcsvc.DLL
0x00007ffa35d70000 - 0x00007ffa35d97000 	C:\Program Files\Java\jdk-12.0.1\bin\sunec.dll
0x00007ffa38220000 - 0x00007ffa3822e000 	C:\Program Files\Java\jdk-12.0.1\bin\sunmscapi.dll
0x00007ffa49b90000 - 0x00007ffa49cd9000 	C:\WINDOWS\System32\CRYPT32.dll
0x00007ffa499d0000 - 0x00007ffa499e2000 	C:\WINDOWS\System32\MSASN1.dll
0x00007ffa49470000 - 0x00007ffa49496000 	C:\WINDOWS\SYSTEM32\ncrypt.dll
0x00007ffa49430000 - 0x00007ffa4946b000 	C:\WINDOWS\SYSTEM32\NTASN1.dll

dbghelp: loaded successfully - version: 4.0.5 - missing functions: none
symbol engine: initialized successfully - sym options: 0x614 - pdb path: .;C:\Program Files\Java\jdk-12.0.1\bin;C:\WINDOWS\SYSTEM32;C:\WINDOWS\WinSxS\amd64_microsoft.windows.common-controls_6595b64144ccf1df_6.0.18362.356_none_e6c4af7d130f27cc;C:\Program Files\Java\jdk-12.0.1\bin\server

VM Arguments:
jvm_args: -agentlib:jdwp=transport=dt_socket,suspend=y,address=localhost:52679 -ea -javaagent:D:\eclipse\jee-2019-09\eclipse\configuration\org.eclipse.osgi\412\0\.cp\lib\javaagent-shaded.jar -Dfile.encoding=UTF-8 
java_command: org.eclipse.jdt.internal.junit.runner.RemoteTestRunner -version 3 -port 52678 -testLoaderClass org.eclipse.jdt.internal.junit4.runner.JUnit4TestLoader -loaderpluginname org.eclipse.jdt.junit4.runtime -classNames com.ubaid.scrape.NoonScrapper.NoonScrapperApplicationTests
java_class_path (initial): D:\Documents\OsmanHamid\NoonScrapper\target\test-classes;D:\Documents\OsmanHamid\NoonScrapper\target\classes;C:\Users\UbaidurRehman\.m2\repository\org\springframework\boot\spring-boot-starter-data-jpa\2.1.8.RELEASE\spring-boot-starter-data-jpa-2.1.8.RELEASE.jar;C:\Users\UbaidurRehman\.m2\repository\org\springframework\boot\spring-boot-starter-aop\2.1.8.RELEASE\spring-boot-starter-aop-2.1.8.RELEASE.jar;C:\Users\UbaidurRehman\.m2\repository\org\springframework\boot\spring-boot-starter-jdbc\2.1.8.RELEASE\spring-boot-starter-jdbc-2.1.8.RELEASE.jar;C:\Users\UbaidurRehman\.m2\repository\com\zaxxer\HikariCP\3.2.0\HikariCP-3.2.0.jar;C:\Users\UbaidurRehman\.m2\repository\org\springframework\spring-jdbc\5.1.9.RELEASE\spring-jdbc-5.1.9.RELEASE.jar;C:\Users\UbaidurRehman\.m2\repository\javax\transaction\javax.transaction-api\1.3\javax.transaction-api-1.3.jar;C:\Users\UbaidurRehman\.m2\repository\javax\xml\bind\jaxb-api\2.3.1\jaxb-api-2.3.1.jar;C:\Users\UbaidurRehman\.m2\repository\javax\activation\javax.activation-api\1.2.0\javax.activation-api-1.2.0.jar;C:\Users\UbaidurRehman\.m2\repository\org\hibernate\hibernate-core\5.3.11.Final\hibernate-core-5.3.11.Final.jar;C:\Users\UbaidurRehman\.m2\repository\org\jboss\logging\jboss-logging\3.3.3.Final\jboss-logging-3.3.3.Final.jar;C:\Users\UbaidurRehman\.m2\repository\javax\persistence\javax.persistence-api\2.2\javax.persistence-api-2.2.jar;C:\Users\UbaidurRehman\.m2\repository\org\javassist\javassist\3.23.2-GA\javassist-3.23.2-GA.jar;C:\Users\UbaidurRehman\.m2\repository\net\bytebuddy\byte-buddy\1.9.16\byte-buddy-1.9.16.jar;C:\Users\UbaidurRehman\.m2\repository\antlr\antlr\2.7.7\antlr-2.7.7.jar;C:\Users\UbaidurRehman\.m2\repository\org\jboss\jandex\2.0.5.Final\jandex-2.0.5.Final.jar;C:\Users\UbaidurRehman\.m2\repository\com\fasterxml\classmate\1.4.0\classmate-1.4.0.jar;C:\Users\UbaidurRehman\.m2\repository\org\dom4j\dom4j\2.1.1\dom4j-2.1.1.jar;C:\Users\UbaidurRehman\.m2\repository\org\hibernate\common\hib
Launcher Type: SUN_STANDARD

[Global flags]
     intx CICompilerCount                          = 4                                         {product} {ergonomic}
     uint ConcGCThreads                            = 2                                         {product} {ergonomic}
     uint G1ConcRefinementThreads                  = 8                                         {product} {ergonomic}
   size_t G1HeapRegionSize                         = 1048576                                   {product} {ergonomic}
    uintx GCDrainStackTargetSize                   = 64                                        {product} {ergonomic}
   size_t InitialHeapSize                          = 266338304                                 {product} {ergonomic}
   size_t MarkStackSize                            = 4194304                                   {product} {ergonomic}
   size_t MaxHeapSize                              = 4236247040                                {product} {ergonomic}
   size_t MaxNewSize                               = 2541748224                                {product} {ergonomic}
   size_t MinHeapDeltaBytes                        = 1048576                                   {product} {ergonomic}
    uintx NonNMethodCodeHeapSize                   = 5836300                                {pd product} {ergonomic}
    uintx NonProfiledCodeHeapSize                  = 122910970                              {pd product} {ergonomic}
    uintx ProfiledCodeHeapSize                     = 122910970                              {pd product} {ergonomic}
    uintx ReservedCodeCacheSize                    = 251658240                              {pd product} {ergonomic}
     bool SegmentedCodeCache                       = true                                      {product} {ergonomic}
     bool UseCompressedClassPointers               = true                                 {lp64_product} {ergonomic}
     bool UseCompressedOops                        = true                                 {lp64_product} {ergonomic}
     bool UseG1GC                                  = true                                      {product} {ergonomic}
     bool UseLargePagesIndividualAllocation        = false                                  {pd product} {ergonomic}

Logging:
Log output configuration:
 #0: stdout all=warning uptime,level,tags
 #1: stderr all=off uptime,level,tags

Environment Variables:
JAVA_HOME=C:\Program Files\Java\jdk-12.0.1
CLASSPATH=.;
PATH=C:/Program Files/Java/jdk-12.0.1/bin/server;C:/Program Files/Java/jdk-12.0.1/bin;C:\Program Files\NVIDIA GPU Computing Toolkit\CUDA\v10.1\bin;C:\Program Files\NVIDIA GPU Computing Toolkit\CUDA\v10.1\libnvvp;C:\Windows\system32;C:\Windows;C:\Windows\System32\Wbem;C:\Windows\System32\WindowsPowerShell\v1.0\;C:\Windows\System32\OpenSSH\;C:\Program Files\Java\jdk-12.0.1\bin;C:\Program Files\Git\cmd;C:\Program Files\PuTTY\;C:\WINDOWS\system32;C:\WINDOWS;C:\WINDOWS\System32\Wbem;C:\WINDOWS\System32\WindowsPowerShell\v1.0\;C:\WINDOWS\System32\OpenSSH\;C:\Program Files (x86)\wget-win-builds-for-proxies;C:\Program Files\NVIDIA Corporation\NVIDIA NvDLISR;C:\Program Files\Intel\WiFi\bin\;C:\Program Files\Common Files\Intel\WirelessCommon\;C:\Program Files (x86)\NVIDIA Corporation\PhysX\Common;C:\Users\UbaidurRehman\Anaconda3\condabin;C:\Program Files\NVIDIA Corporation\Nsight Compute 2019.1\;C:\WINDOWS\system32;C:\WINDOWS;C:\WINDOWS\System32\Wbem;C:\WINDOWS\System32\WindowsPowerShell\v1.0\;C:\WINDOWS\System32\OpenSSH\;C:\Program Files\dotnet\;C:\Program Files\MySQL\MySQL Server 8.0\bin;C:\ProgramData\chocolatey\bin;D:\Program Files\PostgreSQL\11\bin;D:\Program Files\Polyspace\R2019a\bin;D:\Program Files\MATLAB\R2016a\bin;D:\Program Files\Apache24\bin;D:\Program Files\PostgreSQL\11\bin;D:\Program Files\php;C:\Program Files (x86)\Intel\Intel(R) Management Engine Components\DAL;C:\Program Files\Intel\Intel(R) Management Engine Components\DAL;C:\Users\UbaidurRehman\scoop\apps\nodejs\current\bin;C:\Users\UbaidurRehman\scoop\apps\nodejs\current;C:\Users\UbaidurRehman\scoop\apps\python\current\Scripts;C:\Users\UbaidurRehman\scoop\apps\maven\current\bin;C:\Users\UbaidurRehman\scoop\shims;C:\Users\UbaidurRehman\AppData\Local\Microsoft\WindowsApps;C:\Users\UbaidurRehman\AppData\Local\Programs\Microsoft VS Code\bin;C:\Program Files\JetBrains\PyCharm Community Edition 2018.3.4\bin;C:\Users\UbaidurRehman\AppData\Local\Microsoft\WindowsApps;C:\Modeltech_pe_edu_10.4a\win32pe_edu;C:\Users\U
USERNAME=UbaidurRehman
OS=Windows_NT
PROCESSOR_IDENTIFIER=Intel64 Family 6 Model 142 Stepping 11, GenuineIntel



---------------  S Y S T E M  ---------------

OS: Windows 10 , 64 bit Build 18362 (10.0.18362.329)

CPU:total 8 (initial active 8) (4 cores per cpu, 2 threads per core) family 6 model 142 stepping 11, cmov, cx8, fxsr, mmx, sse, sse2, sse3, ssse3, sse4.1, sse4.2, popcnt, avx, avx2, aes, clmul, erms, 3dnowpref, lzcnt, ht, tsc, tscinvbit, bmi1, bmi2, adx, fma

Memory: 4k page, system-wide physical 16159M (5957M free)
TotalPageFile size 23583M (AvailPageFile size 8377M)
current process WorkingSet (physical memory assigned to process): 218M, peak: 332M
current process commit charge ("private bytes"): 262M, peak: 480M

vm_info: Java HotSpot(TM) 64-Bit Server VM (12.0.1+12) for windows-amd64 JRE (12.0.1+12), built on Apr  2 2019 14:02:19 by "mach5one" with MS VC++ 15.5 (VS2017)

END.
